<?xml version="1.0" encoding="UTF-8"?>
<!-- Generated by org.testng.reporters.JUnitReportReporter -->
<testsuite hostname="Deths-MacBook-Pro.local" failures="0" tests="2" name="com.testhome.Testing2" time="0.009" errors="0" timestamp="14 Jun. 2019 16:34:05 GMT" skipped="0">
  <testcase classname="com.testhome.Testing2" name="test4" time="0.005"/>
  <testcase classname="com.testhome.Testing2" name="test3" time="0.004"/>
</testsuite> <!-- com.testhome.Testing2 -->
