<?xml version="1.0" encoding="UTF-8"?>
<!-- Generated by org.testng.reporters.JUnitReportReporter -->
<testsuite hostname="Deths-MacBook-Pro.local" failures="0" tests="4" name="com.testhome.Testing1" time="0.017" errors="0" timestamp="14 Jun. 2019 16:34:05 GMT" skipped="0">
  <testcase classname="com.testhome.Testing1" name="test1" time="0.002"/>
  <testcase classname="com.testhome.Testing1" name="test2" time="0.004"/>
  <testcase classname="com.testhome.Testing1" name="f" time="0.005"/>
  <testcase classname="com.testhome.Testing1" name="f" time="0.006"/>
</testsuite> <!-- com.testhome.Testing1 -->
